D:\ALLOFMYPROJECTS\VS2012_PROJECT\LABELTOOL\LABELTOOL\X64\RELEASE\QRC_LABELTOOL.OBJ
D:\ALLOFMYPROJECTS\VS2012_PROJECT\LABELTOOL\LABELTOOL\X64\RELEASE\VC110.PDB
D:\ALLOFMYPROJECTS\VS2012_PROJECT\LABELTOOL\LABELTOOL\X64\RELEASE\LABELTOOL.OBJ
D:\ALLOFMYPROJECTS\VS2012_PROJECT\LABELTOOL\LABELTOOL\X64\RELEASE\MOC_MYLABEL.OBJ
D:\ALLOFMYPROJECTS\VS2012_PROJECT\LABELTOOL\LABELTOOL\X64\RELEASE\MAIN.OBJ
D:\ALLOFMYPROJECTS\VS2012_PROJECT\LABELTOOL\LABELTOOL\X64\RELEASE\MYLABEL.OBJ
D:\ALLOFMYPROJECTS\VS2012_PROJECT\LABELTOOL\LABELTOOL\X64\RELEASE\MOC_LABELTOOL.OBJ
D:\ALLOFMYPROJECTS\VS2012_PROJECT\LABELTOOL\LABELTOOL\GENERATEDFILES\QRC_LABELTOOL.CPP
D:\ALLOFMYPROJECTS\VS2012_PROJECT\LABELTOOL\LABELTOOL\GENERATEDFILES\UI_LABELTOOL.H
D:\ALLOFMYPROJECTS\VS2012_PROJECT\LABELTOOL\LABELTOOL\GENERATEDFILES\RELEASE\MOC_LABELTOOL.CPP
D:\ALLOFMYPROJECTS\VS2012_PROJECT\LABELTOOL\LABELTOOL\GENERATEDFILES\RELEASE\MOC_MYLABEL.CPP
D:\ALLOFMYPROJECTS\VS2012_PROJECT\LABELTOOL\X64\RELEASE\LABELTOOL.ILK
D:\ALLOFMYPROJECTS\VS2012_PROJECT\LABELTOOL\X64\RELEASE\LABELTOOL.EXE
D:\ALLOFMYPROJECTS\VS2012_PROJECT\LABELTOOL\X64\RELEASE\LABELTOOL.PDB
D:\allOfMyProjects\VS2012_project\LabelTool\LabelTool\x64\Release\labeltool.obj
D:\allOfMyProjects\VS2012_project\LabelTool\LabelTool\x64\Release\main.obj
D:\allOfMyProjects\VS2012_project\LabelTool\LabelTool\x64\Release\moc_labeltool.obj
D:\allOfMyProjects\VS2012_project\LabelTool\LabelTool\x64\Release\moc_MyLabel.obj
D:\allOfMyProjects\VS2012_project\LabelTool\LabelTool\x64\Release\MyLabel.obj
D:\allOfMyProjects\VS2012_project\LabelTool\LabelTool\x64\Release\qrc_labeltool.obj
D:\allOfMyProjects\VS2012_project\LabelTool\LabelTool\x64\Release\cl.command.1.tlog
D:\allOfMyProjects\VS2012_project\LabelTool\LabelTool\x64\Release\CL.read.1.tlog
D:\allOfMyProjects\VS2012_project\LabelTool\LabelTool\x64\Release\CL.write.1.tlog
D:\allOfMyProjects\VS2012_project\LabelTool\LabelTool\x64\Release\custombuild.command.1.tlog
D:\allOfMyProjects\VS2012_project\LabelTool\LabelTool\x64\Release\custombuild.read.1.tlog
D:\allOfMyProjects\VS2012_project\LabelTool\LabelTool\x64\Release\custombuild.write.1.tlog
D:\allOfMyProjects\VS2012_project\LabelTool\LabelTool\x64\Release\link-cvtres.read.1.tlog
D:\allOfMyProjects\VS2012_project\LabelTool\LabelTool\x64\Release\link-cvtres.write.1.tlog
D:\allOfMyProjects\VS2012_project\LabelTool\LabelTool\x64\Release\link-rc.read.1.tlog
D:\allOfMyProjects\VS2012_project\LabelTool\LabelTool\x64\Release\link-rc.write.1.tlog
D:\allOfMyProjects\VS2012_project\LabelTool\LabelTool\x64\Release\link.10344-cvtres.read.1.tlog
D:\allOfMyProjects\VS2012_project\LabelTool\LabelTool\x64\Release\link.10344-cvtres.write.1.tlog
D:\allOfMyProjects\VS2012_project\LabelTool\LabelTool\x64\Release\link.10344-rc.read.1.tlog
D:\allOfMyProjects\VS2012_project\LabelTool\LabelTool\x64\Release\link.10344-rc.write.1.tlog
D:\allOfMyProjects\VS2012_project\LabelTool\LabelTool\x64\Release\link.10344.read.1.tlog
D:\allOfMyProjects\VS2012_project\LabelTool\LabelTool\x64\Release\link.10344.write.1.tlog
D:\allOfMyProjects\VS2012_project\LabelTool\LabelTool\x64\Release\link.15240-cvtres.read.1.tlog
D:\allOfMyProjects\VS2012_project\LabelTool\LabelTool\x64\Release\link.15240-cvtres.write.1.tlog
D:\allOfMyProjects\VS2012_project\LabelTool\LabelTool\x64\Release\link.15240-rc.read.1.tlog
D:\allOfMyProjects\VS2012_project\LabelTool\LabelTool\x64\Release\link.15240-rc.write.1.tlog
D:\allOfMyProjects\VS2012_project\LabelTool\LabelTool\x64\Release\link.15240.read.1.tlog
D:\allOfMyProjects\VS2012_project\LabelTool\LabelTool\x64\Release\link.15240.write.1.tlog
D:\allOfMyProjects\VS2012_project\LabelTool\LabelTool\x64\Release\link.15460-cvtres.read.1.tlog
D:\allOfMyProjects\VS2012_project\LabelTool\LabelTool\x64\Release\link.15460-cvtres.write.1.tlog
D:\allOfMyProjects\VS2012_project\LabelTool\LabelTool\x64\Release\link.15460-rc.read.1.tlog
D:\allOfMyProjects\VS2012_project\LabelTool\LabelTool\x64\Release\link.15460-rc.write.1.tlog
D:\allOfMyProjects\VS2012_project\LabelTool\LabelTool\x64\Release\link.15460.read.1.tlog
D:\allOfMyProjects\VS2012_project\LabelTool\LabelTool\x64\Release\link.15460.write.1.tlog
D:\allOfMyProjects\VS2012_project\LabelTool\LabelTool\x64\Release\link.22592-cvtres.read.1.tlog
D:\allOfMyProjects\VS2012_project\LabelTool\LabelTool\x64\Release\link.22592-cvtres.write.1.tlog
D:\allOfMyProjects\VS2012_project\LabelTool\LabelTool\x64\Release\link.22592-rc.read.1.tlog
D:\allOfMyProjects\VS2012_project\LabelTool\LabelTool\x64\Release\link.22592-rc.write.1.tlog
D:\allOfMyProjects\VS2012_project\LabelTool\LabelTool\x64\Release\link.22592.read.1.tlog
D:\allOfMyProjects\VS2012_project\LabelTool\LabelTool\x64\Release\link.22592.write.1.tlog
D:\allOfMyProjects\VS2012_project\LabelTool\LabelTool\x64\Release\link.23132-cvtres.read.1.tlog
D:\allOfMyProjects\VS2012_project\LabelTool\LabelTool\x64\Release\link.23132-cvtres.write.1.tlog
D:\allOfMyProjects\VS2012_project\LabelTool\LabelTool\x64\Release\link.23132-rc.read.1.tlog
D:\allOfMyProjects\VS2012_project\LabelTool\LabelTool\x64\Release\link.23132-rc.write.1.tlog
D:\allOfMyProjects\VS2012_project\LabelTool\LabelTool\x64\Release\link.23132.read.1.tlog
D:\allOfMyProjects\VS2012_project\LabelTool\LabelTool\x64\Release\link.23132.write.1.tlog
D:\allOfMyProjects\VS2012_project\LabelTool\LabelTool\x64\Release\link.25868-cvtres.read.1.tlog
D:\allOfMyProjects\VS2012_project\LabelTool\LabelTool\x64\Release\link.25868-cvtres.write.1.tlog
D:\allOfMyProjects\VS2012_project\LabelTool\LabelTool\x64\Release\link.25868-rc.read.1.tlog
D:\allOfMyProjects\VS2012_project\LabelTool\LabelTool\x64\Release\link.25868-rc.write.1.tlog
D:\allOfMyProjects\VS2012_project\LabelTool\LabelTool\x64\Release\link.25868.read.1.tlog
D:\allOfMyProjects\VS2012_project\LabelTool\LabelTool\x64\Release\link.25868.write.1.tlog
D:\allOfMyProjects\VS2012_project\LabelTool\LabelTool\x64\Release\link.27368-cvtres.read.1.tlog
D:\allOfMyProjects\VS2012_project\LabelTool\LabelTool\x64\Release\link.27368-cvtres.write.1.tlog
D:\allOfMyProjects\VS2012_project\LabelTool\LabelTool\x64\Release\link.27368-rc.read.1.tlog
D:\allOfMyProjects\VS2012_project\LabelTool\LabelTool\x64\Release\link.27368-rc.write.1.tlog
D:\allOfMyProjects\VS2012_project\LabelTool\LabelTool\x64\Release\link.27368.read.1.tlog
D:\allOfMyProjects\VS2012_project\LabelTool\LabelTool\x64\Release\link.27368.write.1.tlog
D:\allOfMyProjects\VS2012_project\LabelTool\LabelTool\x64\Release\link.28432-cvtres.read.1.tlog
D:\allOfMyProjects\VS2012_project\LabelTool\LabelTool\x64\Release\link.28432-cvtres.write.1.tlog
D:\allOfMyProjects\VS2012_project\LabelTool\LabelTool\x64\Release\link.28432-rc.read.1.tlog
D:\allOfMyProjects\VS2012_project\LabelTool\LabelTool\x64\Release\link.28432-rc.write.1.tlog
D:\allOfMyProjects\VS2012_project\LabelTool\LabelTool\x64\Release\link.28432.read.1.tlog
D:\allOfMyProjects\VS2012_project\LabelTool\LabelTool\x64\Release\link.28432.write.1.tlog
D:\allOfMyProjects\VS2012_project\LabelTool\LabelTool\x64\Release\link.29164-cvtres.read.1.tlog
D:\allOfMyProjects\VS2012_project\LabelTool\LabelTool\x64\Release\link.29164-cvtres.write.1.tlog
D:\allOfMyProjects\VS2012_project\LabelTool\LabelTool\x64\Release\link.29164-rc.read.1.tlog
D:\allOfMyProjects\VS2012_project\LabelTool\LabelTool\x64\Release\link.29164-rc.write.1.tlog
D:\allOfMyProjects\VS2012_project\LabelTool\LabelTool\x64\Release\link.29164.read.1.tlog
D:\allOfMyProjects\VS2012_project\LabelTool\LabelTool\x64\Release\link.29164.write.1.tlog
D:\allOfMyProjects\VS2012_project\LabelTool\LabelTool\x64\Release\link.31592-cvtres.read.1.tlog
D:\allOfMyProjects\VS2012_project\LabelTool\LabelTool\x64\Release\link.31592-cvtres.write.1.tlog
D:\allOfMyProjects\VS2012_project\LabelTool\LabelTool\x64\Release\link.31592-rc.read.1.tlog
D:\allOfMyProjects\VS2012_project\LabelTool\LabelTool\x64\Release\link.31592-rc.write.1.tlog
D:\allOfMyProjects\VS2012_project\LabelTool\LabelTool\x64\Release\link.31592.read.1.tlog
D:\allOfMyProjects\VS2012_project\LabelTool\LabelTool\x64\Release\link.31592.write.1.tlog
D:\allOfMyProjects\VS2012_project\LabelTool\LabelTool\x64\Release\link.32068-cvtres.read.1.tlog
D:\allOfMyProjects\VS2012_project\LabelTool\LabelTool\x64\Release\link.32068-cvtres.write.1.tlog
D:\allOfMyProjects\VS2012_project\LabelTool\LabelTool\x64\Release\link.32068-rc.read.1.tlog
D:\allOfMyProjects\VS2012_project\LabelTool\LabelTool\x64\Release\link.32068-rc.write.1.tlog
D:\allOfMyProjects\VS2012_project\LabelTool\LabelTool\x64\Release\link.32068.read.1.tlog
D:\allOfMyProjects\VS2012_project\LabelTool\LabelTool\x64\Release\link.32068.write.1.tlog
D:\allOfMyProjects\VS2012_project\LabelTool\LabelTool\x64\Release\link.32184-cvtres.read.1.tlog
D:\allOfMyProjects\VS2012_project\LabelTool\LabelTool\x64\Release\link.32184-cvtres.write.1.tlog
D:\allOfMyProjects\VS2012_project\LabelTool\LabelTool\x64\Release\link.32184-rc.read.1.tlog
D:\allOfMyProjects\VS2012_project\LabelTool\LabelTool\x64\Release\link.32184-rc.write.1.tlog
D:\allOfMyProjects\VS2012_project\LabelTool\LabelTool\x64\Release\link.32184.read.1.tlog
D:\allOfMyProjects\VS2012_project\LabelTool\LabelTool\x64\Release\link.32184.write.1.tlog
D:\allOfMyProjects\VS2012_project\LabelTool\LabelTool\x64\Release\link.command.1.tlog
D:\allOfMyProjects\VS2012_project\LabelTool\LabelTool\x64\Release\link.read.1.tlog
D:\allOfMyProjects\VS2012_project\LabelTool\LabelTool\x64\Release\link.write.1.tlog
D:\allOfMyProjects\VS2012_project\LabelTool\LabelTool\x64\Release\vc110.pdb
D:\allOfMyProjects\VS2012_project\LabelTool\x64\Release\LabelTool.pdb
D:\allOfMyProjects\VS2012_project\LabelTool\x64\Release\LabelTool.exe
D:\allOfMyProjects\VS2012_project\LabelTool\x64\Release\LabelTool.ilk
